<?xml version="1.0" encoding="utf-8"?>
<coverage line-rate="0.5">
  <packages>
    <package name="C:\Users\Stefan\Desktop\Eigen projectjes\OpenSource\VSOpenCPPCoverage\x64\Debug\MinimumTest.dll" line-rate="0.5">
      <classes>
        <class name="code.cpp" filename="users\stefan\desktop\eigen projectjes\opensource\vsopencppcoverage\library\code.cpp" line-rate="0">
          <lines>
            <line number="4" hits="0"/>
            <line number="6" hits="0"/>
          </lines>
        </class>
        <class name="unittest1.cpp" filename="users\stefan\desktop\eigen projectjes\opensource\vsopencppcoverage\minimumtest\unittest1.cpp" line-rate="0.66666666666666663">
          <lines>
            <line number="16" hits="1"/>
            <line number="17" hits="1"/>
            <line number="18" hits="1"/>
            <line number="21" hits="0"/>
            <line number="23" hits="0"/>
            <line number="25" hits="1"/>
          </lines>
        </class>
      </classes>
    </package>
  </packages>
  <sources>
    <source>c:</source>
  </sources>
</coverage>
