<?xml version="1.0" encoding="utf-8"?>
<coverage line-rate="0.75">
  <packages>
    <package name="C:\Users\Stefan\Desktop\Eigen projectjes\OpenSource\VSOpenCPPCoverage\x64\Debug\MinimumTest.dll" line-rate="0.75">
      <classes>
        <class name="code.cpp" filename="users\stefan\desktop\eigen projectjes\opensource\vsopencppcoverage\library\code.cpp" line-rate="0">
          <lines>
            <line number="4" hits="0"/>
            <line number="6" hits="0"/>
          </lines>
        </class>
        <class name="unittest1.cpp" filename="users\stefan\desktop\eigen projectjes\opensource\vsopencppcoverage\minimumtest\unittest1.cpp" line-rate="0.8571428571428571">
          <lines>
            <line number="23" hits="1"/>
            <line number="24" hits="1"/>
            <line number="26" hits="1"/>
            <line number="27" hits="1"/>
            <line number="28" hits="1"/>
            <line number="32" hits="1"/>
            <line number="34" hits="1"/>
            <line number="35" hits="1"/>
            <line number="36" hits="1"/>
            <line number="38" hits="1"/>
            <line number="41" hits="1"/>
            <line number="44" hits="0"/>
            <line number="46" hits="0"/>
            <line number="48" hits="1"/>
          </lines>
        </class>
      </classes>
    </package>
  </packages>
  <sources>
    <source>c:</source>
  </sources>
</coverage>
